<?xml version="1.0" encoding="UTF-8"?>
<testng-results ignored="0" total="2" passed="2" failed="0" skipped="0">
  <reporter-output>
  </reporter-output>
  <suite started-at="2022-09-23T15:51:06Z" name="Command line suite" finished-at="2022-09-23T15:52:49Z" duration-ms="103204">
    <groups>
    </groups>
    <test started-at="2022-09-23T15:51:06Z" name="Command line test" finished-at="2022-09-23T15:52:49Z" duration-ms="103204">
      <class name="Actitime.Test.HomePageTest">
        <test-method signature="homePage()[pri:0, instance:Actitime.Test.HomePageTest@78e117e3]" started-at="2022-09-23T15:51:06Z" name="homePage" finished-at="2022-09-23T15:52:31Z" duration-ms="84697" status="PASS">
          <reporter-output>
          </reporter-output>
        </test-method> <!-- homePage -->
      </class> <!-- Actitime.Test.HomePageTest -->
      <class name="Actitime.Test.LoginTest">
        <test-method signature="testLogin()[pri:0, instance:Actitime.Test.LoginTest@2ea227af]" started-at="2022-09-23T15:52:31Z" name="testLogin" finished-at="2022-09-23T15:52:49Z" duration-ms="18409" status="PASS">
          <reporter-output>
          </reporter-output>
        </test-method> <!-- testLogin -->
      </class> <!-- Actitime.Test.LoginTest -->
    </test> <!-- Command line test -->
  </suite> <!-- Command line suite -->
</testng-results>
