<?xml version="1.0" encoding="UTF-8"?>
<testng-results ignored="0" total="2" passed="2" failed="0" skipped="0">
  <reporter-output>
  </reporter-output>
  <suite started-at="2022-09-23T15:22:55Z" name="Suite" finished-at="2022-09-23T15:25:01Z" duration-ms="125955">
    <groups>
    </groups>
    <test started-at="2022-09-23T15:22:55Z" name="Test" finished-at="2022-09-23T15:25:01Z" duration-ms="125955">
      <class name="Actitime.Test.HomePageTest">
        <test-method signature="homePage()[pri:0, instance:Actitime.Test.HomePageTest@4470f8a6]" started-at="2022-09-23T15:24:27Z" name="homePage" finished-at="2022-09-23T15:25:01Z" duration-ms="34274" status="PASS">
          <reporter-output>
          </reporter-output>
        </test-method> <!-- homePage -->
      </class> <!-- Actitime.Test.HomePageTest -->
      <class name="Actitime.Test.LoginTest">
        <test-method signature="testLogin()[pri:0, instance:Actitime.Test.LoginTest@484970b0]" started-at="2022-09-23T15:22:55Z" name="testLogin" finished-at="2022-09-23T15:24:27Z" duration-ms="91558" status="PASS">
          <reporter-output>
          </reporter-output>
        </test-method> <!-- testLogin -->
      </class> <!-- Actitime.Test.LoginTest -->
    </test> <!-- Test -->
  </suite> <!-- Suite -->
</testng-results>
